2025-01-14 16:23:38.542 +01:00 [INF] Now listening on: http://localhost:5003
2025-01-14 16:23:38.793 +01:00 [INF] Application started. Press Ctrl+C to shut down.
2025-01-14 16:23:38.799 +01:00 [INF] Hosting environment: Development
2025-01-14 16:23:38.803 +01:00 [INF] Content root path: C:\Users\minou\ECommerceMicroservicesProject\DemoECommerce.ProductSolution\ProductApi.Presentation
2025-01-14 16:23:42.437 +01:00 [INF] Request starting HTTP/1.1 GET http://localhost:5003/swagger - null null
2025-01-14 16:23:43.059 +01:00 [INF] Request finished HTTP/1.1 GET http://localhost:5003/swagger - 301 0 null 644.8321ms
2025-01-14 16:23:43.079 +01:00 [INF] Request starting HTTP/1.1 GET http://localhost:5003/swagger/index.html - null null
2025-01-14 16:23:43.257 +01:00 [INF] Request finished HTTP/1.1 GET http://localhost:5003/swagger/index.html - 200 null text/html;charset=utf-8 178.7758ms
2025-01-14 16:23:43.487 +01:00 [INF] Request starting HTTP/1.1 GET http://localhost:5003/swagger/swagger-ui.css - null null
2025-01-14 16:23:43.587 +01:00 [INF] Request starting HTTP/1.1 GET http://localhost:5003/swagger/swagger-ui-bundle.js - null null
2025-01-14 16:23:43.696 +01:00 [INF] Request starting HTTP/1.1 GET http://localhost:5003/swagger/swagger-ui-standalone-preset.js - null null
2025-01-14 16:23:43.698 +01:00 [INF] Request starting HTTP/1.1 GET http://localhost:5003/_framework/aspnetcore-browser-refresh.js - null null
2025-01-14 16:23:43.813 +01:00 [INF] Request starting HTTP/1.1 GET http://localhost:5003/_vs/browserLink - null null
2025-01-14 16:23:43.927 +01:00 [INF] Request finished HTTP/1.1 GET http://localhost:5003/_framework/aspnetcore-browser-refresh.js - 200 13782 application/javascript; charset=utf-8 229.3668ms
2025-01-14 16:23:44.146 +01:00 [INF] Sending file. Request path: '/swagger-ui-standalone-preset.js'. Physical path: 'N/A'
2025-01-14 16:23:44.147 +01:00 [INF] Sending file. Request path: '/swagger-ui.css'. Physical path: 'N/A'
2025-01-14 16:23:44.695 +01:00 [INF] Sending file. Request path: '/swagger-ui-bundle.js'. Physical path: 'N/A'
2025-01-14 16:23:44.904 +01:00 [INF] Request finished HTTP/1.1 GET http://localhost:5003/_vs/browserLink - 200 null text/javascript; charset=UTF-8 1090.6708ms
2025-01-14 16:23:45.456 +01:00 [INF] Request finished HTTP/1.1 GET http://localhost:5003/swagger/swagger-ui.css - 200 152034 text/css 1969.0753ms
2025-01-14 16:23:45.666 +01:00 [INF] Request finished HTTP/1.1 GET http://localhost:5003/swagger/swagger-ui-standalone-preset.js - 200 230280 text/javascript 1970.3488ms
2025-01-14 16:23:45.684 +01:00 [INF] Request finished HTTP/1.1 GET http://localhost:5003/swagger/swagger-ui-bundle.js - 200 1456926 text/javascript 2096.6992ms
2025-01-14 16:23:45.933 +01:00 [INF] Request starting HTTP/1.1 GET http://localhost:5003/swagger/v1/swagger.json - null null
2025-01-14 16:23:46.056 +01:00 [INF] Request starting HTTP/1.1 GET http://localhost:5003/swagger/favicon-32x32.png - null null
2025-01-14 16:23:46.299 +01:00 [INF] Sending file. Request path: '/favicon-32x32.png'. Physical path: 'N/A'
2025-01-14 16:23:46.446 +01:00 [INF] Request finished HTTP/1.1 GET http://localhost:5003/swagger/favicon-32x32.png - 200 628 image/png 389.9782ms
2025-01-14 16:23:46.697 +01:00 [INF] Request finished HTTP/1.1 GET http://localhost:5003/swagger/v1/swagger.json - 200 null application/json;charset=utf-8 764.2461ms
2025-01-14 17:04:06.904 +01:00 [INF] Now listening on: http://localhost:5003
2025-01-14 17:04:07.759 +01:00 [INF] Application started. Press Ctrl+C to shut down.
2025-01-14 17:04:07.770 +01:00 [INF] Hosting environment: Development
2025-01-14 17:04:07.777 +01:00 [INF] Content root path: C:\Users\minou\ECommerceMicroservicesProject\DemoECommerce.ProductSolution\ProductApi.Presentation
2025-01-14 17:04:08.786 +01:00 [INF] Request starting HTTP/1.1 GET http://localhost:5003/swagger/index.html - null null
2025-01-14 17:04:10.569 +01:00 [INF] Request finished HTTP/1.1 GET http://localhost:5003/swagger/index.html - 200 null text/html;charset=utf-8 1815.973ms
2025-01-14 17:16:54.764 +01:00 [INF] Now listening on: http://localhost:5003
2025-01-14 17:17:02.422 +01:00 [INF] Request starting HTTP/1.1 GET http://localhost:5003/swagger/index.html - null null
2025-01-14 17:17:02.944 +01:00 [INF] Application started. Press Ctrl+C to shut down.
2025-01-14 17:17:03.086 +01:00 [INF] Hosting environment: Development
2025-01-14 17:17:03.219 +01:00 [INF] Content root path: C:\Users\minou\ECommerceMicroservicesProject\DemoECommerce.ProductSolution\ProductApi.Presentation
2025-01-14 17:17:04.502 +01:00 [INF] Request finished HTTP/1.1 GET http://localhost:5003/swagger/index.html - 200 null text/html;charset=utf-8 2105.3628ms
2025-01-14 17:17:04.734 +01:00 [INF] Request starting HTTP/1.1 GET http://localhost:5003/_framework/aspnetcore-browser-refresh.js - null null
2025-01-14 17:17:04.795 +01:00 [INF] Request finished HTTP/1.1 GET http://localhost:5003/_framework/aspnetcore-browser-refresh.js - 200 13782 application/javascript; charset=utf-8 63.7162ms
2025-01-14 17:17:05.117 +01:00 [INF] Request starting HTTP/1.1 GET http://localhost:5003/_vs/browserLink - null null
2025-01-14 17:17:05.300 +01:00 [INF] Request finished HTTP/1.1 GET http://localhost:5003/_vs/browserLink - 200 null text/javascript; charset=UTF-8 181.9657ms
2025-01-14 17:17:05.921 +01:00 [INF] Request starting HTTP/1.1 GET http://localhost:5003/swagger/v1/swagger.json - null null
2025-01-14 17:17:06.454 +01:00 [INF] Request finished HTTP/1.1 GET http://localhost:5003/swagger/v1/swagger.json - 200 null application/json;charset=utf-8 532.5391ms
2025-01-14 17:18:41.868 +01:00 [INF] Request starting HTTP/1.1 GET http://localhost:5003/ - null null
2025-01-14 17:18:42.111 +01:00 [WRN] Failed to determine the https port for redirect.
2025-01-14 17:18:42.186 +01:00 [INF] Request finished HTTP/1.1 GET http://localhost:5003/ - 404 0 null 359.5654ms
2025-01-14 17:18:42.229 +01:00 [INF] Request reached the end of the middleware pipeline without being handled by application code. Request path: GET http://localhost:5003/, Response status code: 404
2025-01-14 22:44:07.210 +01:00 [INF] Now listening on: http://localhost:5003
2025-01-14 22:44:08.445 +01:00 [INF] Application started. Press Ctrl+C to shut down.
2025-01-14 22:44:08.580 +01:00 [INF] Hosting environment: Development
2025-01-14 22:44:08.814 +01:00 [INF] Content root path: C:\Users\minou\ECommerceMicroservicesProject\DemoECommerce.ProductSolution\ProductApi.Presentation
2025-01-14 22:44:15.926 +01:00 [INF] Request starting HTTP/1.1 GET http://localhost:5003/swagger/index.html - null null
2025-01-14 22:44:17.018 +01:00 [INF] Request finished HTTP/1.1 GET http://localhost:5003/swagger/index.html - 200 null text/html;charset=utf-8 1119.4817ms
2025-01-14 22:44:19.953 +01:00 [INF] Request starting HTTP/1.1 GET http://localhost:5003/_vs/browserLink - null null
2025-01-14 22:44:19.953 +01:00 [INF] Request starting HTTP/1.1 GET http://localhost:5003/_framework/aspnetcore-browser-refresh.js - null null
2025-01-14 22:44:19.978 +01:00 [INF] Request finished HTTP/1.1 GET http://localhost:5003/_framework/aspnetcore-browser-refresh.js - 200 13782 application/javascript; charset=utf-8 25.8746ms
2025-01-14 22:44:20.065 +01:00 [INF] Request finished HTTP/1.1 GET http://localhost:5003/_vs/browserLink - 200 null text/javascript; charset=UTF-8 112.8931ms
2025-01-14 22:44:23.353 +01:00 [INF] Request starting HTTP/1.1 GET http://localhost:5003/swagger/v1/swagger.json - null null
2025-01-14 22:44:23.800 +01:00 [INF] Request finished HTTP/1.1 GET http://localhost:5003/swagger/v1/swagger.json - 200 null application/json;charset=utf-8 446.8169ms
2025-01-14 23:01:58.645 +01:00 [INF] Request starting HTTP/1.1 GET http://localhost:5003/ - null null
2025-01-14 23:01:58.936 +01:00 [WRN] Failed to determine the https port for redirect.
2025-01-14 23:01:58.970 +01:00 [INF] Request finished HTTP/1.1 GET http://localhost:5003/ - 404 0 null 360.2944ms
2025-01-14 23:01:59.004 +01:00 [INF] Request reached the end of the middleware pipeline without being handled by application code. Request path: GET http://localhost:5003/, Response status code: 404
2025-01-14 23:02:02.529 +01:00 [INF] Request starting HTTP/1.1 GET http://localhost:5003/ - null null
2025-01-14 23:02:02.570 +01:00 [INF] Request finished HTTP/1.1 GET http://localhost:5003/ - 404 0 null 40.9616ms
2025-01-14 23:02:02.739 +01:00 [INF] Request reached the end of the middleware pipeline without being handled by application code. Request path: GET http://localhost:5003/, Response status code: 404
2025-01-14 23:03:35.054 +01:00 [INF] Request starting HTTP/1.1 GET http://localhost:5003/ - null null
2025-01-14 23:03:35.107 +01:00 [INF] Request finished HTTP/1.1 GET http://localhost:5003/ - 404 0 null 53.2644ms
2025-01-14 23:03:35.338 +01:00 [INF] Request reached the end of the middleware pipeline without being handled by application code. Request path: GET http://localhost:5003/, Response status code: 404
