2025-01-07 10:20:50.650 +01:00 [INF] Now listening on: http://localhost:5003
2025-01-07 10:20:50.844 +01:00 [INF] Application started. Press Ctrl+C to shut down.
2025-01-07 10:20:50.851 +01:00 [INF] Hosting environment: Development
2025-01-07 10:20:50.856 +01:00 [INF] Content root path: C:\Users\ouiss\ECommerceMicroservicesProject\DemoECommerce.ProductSolution\ProductApi.Presentation
2025-01-07 10:21:00.476 +01:00 [INF] Request starting HTTP/1.1 GET http://localhost:5003/swagger/index.html - null null
2025-01-07 10:21:05.052 +01:00 [INF] Request finished HTTP/1.1 GET http://localhost:5003/swagger/index.html - 200 null text/html;charset=utf-8 4600.8408ms
2025-01-07 10:21:05.286 +01:00 [INF] Request starting HTTP/1.1 GET http://localhost:5003/_vs/browserLink - null null
2025-01-07 10:21:06.053 +01:00 [INF] Request starting HTTP/1.1 GET http://localhost:5003/_framework/aspnetcore-browser-refresh.js - null null
2025-01-07 10:21:06.144 +01:00 [INF] Request finished HTTP/1.1 GET http://localhost:5003/_framework/aspnetcore-browser-refresh.js - 200 13782 application/javascript; charset=utf-8 90.9471ms
2025-01-07 10:21:06.606 +01:00 [INF] Request finished HTTP/1.1 GET http://localhost:5003/_vs/browserLink - 200 null text/javascript; charset=UTF-8 1324.1954ms
2025-01-07 10:21:06.791 +01:00 [INF] Request starting HTTP/1.1 GET http://localhost:5003/swagger/v1/swagger.json - null null
2025-01-07 10:21:07.081 +01:00 [INF] Request finished HTTP/1.1 GET http://localhost:5003/swagger/v1/swagger.json - 200 null application/json;charset=utf-8 289.7167ms
2025-01-07 10:24:08.907 +01:00 [INF] Request starting HTTP/1.1 GET http://localhost:5003/api/Products - null null
2025-01-07 10:24:08.949 +01:00 [WRN] Failed to determine the https port for redirect.
2025-01-07 10:24:08.965 +01:00 [INF] Executing endpoint 'Presentation.Controllers.ProductsController.GetAllProducts (ProductApi.Presentation)'
2025-01-07 10:24:09.057 +01:00 [INF] Route matched with {action = "GetAllProducts", controller = "Products"}. Executing controller action with signature System.Threading.Tasks.Task`1[Microsoft.AspNetCore.Mvc.IActionResult] GetAllProducts() on controller Presentation.Controllers.ProductsController (ProductApi.Presentation).
2025-01-07 10:24:10.114 +01:00 [WRN] Sensitive data logging is enabled. Log entries and exception messages may include sensitive application data; this mode should only be enabled during development.
2025-01-07 10:24:12.196 +01:00 [INF] Executed DbCommand (152ms) [Parameters=[], CommandType='"Text"', CommandTimeout='30']
SELECT [p].[Id], [p].[CategoryId], [p].[Description], [p].[Image], [p].[MarketId], [p].[Name], [p].[Price], [p].[StockQuantity]
FROM [Products] AS [p]
2025-01-07 10:24:12.298 +01:00 [INF] Executing OkObjectResult, writing value of type 'System.Collections.Generic.List`1[[ProductApi.Domain.Entities.Product, ProductApi.Domain, Version=1.0.0.0, Culture=neutral, PublicKeyToken=null]]'.
2025-01-07 10:24:12.340 +01:00 [INF] Executed action Presentation.Controllers.ProductsController.GetAllProducts (ProductApi.Presentation) in 3269.4563ms
2025-01-07 10:24:12.349 +01:00 [INF] Executed endpoint 'Presentation.Controllers.ProductsController.GetAllProducts (ProductApi.Presentation)'
2025-01-07 10:24:12.376 +01:00 [INF] Request finished HTTP/1.1 GET http://localhost:5003/api/Products - 200 null application/json; charset=utf-8 3470.2549ms
2025-01-07 10:26:52.828 +01:00 [INF] Request starting HTTP/1.1 POST http://localhost:5003/api/Products - application/json 212
2025-01-07 10:26:52.851 +01:00 [INF] Executing endpoint 'Presentation.Controllers.ProductsController.AddProduct (ProductApi.Presentation)'
2025-01-07 10:26:52.886 +01:00 [INF] Route matched with {action = "AddProduct", controller = "Products"}. Executing controller action with signature System.Threading.Tasks.Task`1[Microsoft.AspNetCore.Mvc.IActionResult] AddProduct(ProductApi.Domain.Entities.Product) on controller Presentation.Controllers.ProductsController (ProductApi.Presentation).
2025-01-07 10:26:53.645 +01:00 [INF] Executed DbCommand (147ms) [Parameters=[@p0='1', @p1='This is a test product' (Nullable = false) (Size = 4000), @p2='https://example.com/product-image.jpg' (Nullable = false) (Size = 8000) (DbType = AnsiString), @p3='1', @p4='Sample Product' (Nullable = false) (Size = 4000), @p5='25.99', @p6='50'], CommandType='"Text"', CommandTimeout='30']
SET IMPLICIT_TRANSACTIONS OFF;
SET NOCOUNT ON;
INSERT INTO [Products] ([CategoryId], [Description], [Image], [MarketId], [Name], [Price], [StockQuantity])
OUTPUT INSERTED.[Id]
VALUES (@p0, @p1, @p2, @p3, @p4, @p5, @p6);
2025-01-07 10:26:53.736 +01:00 [ERR] An exception occurred in the database while saving changes for context type 'MarketDbContext'.
Microsoft.EntityFrameworkCore.DbUpdateException: An error occurred while saving the entity changes. See the inner exception for details.
 ---> Microsoft.Data.SqlClient.SqlException (0x80131904): The INSERT statement conflicted with the FOREIGN KEY constraint "FK_Products_Categories_CategoryId". The conflict occurred in database "ECommerceMarketDb", table "dbo.Categories", column 'Id'.
   at Microsoft.Data.SqlClient.SqlConnection.OnError(SqlException exception, Boolean breakConnection, Action`1 wrapCloseInAction)
   at Microsoft.Data.SqlClient.SqlInternalConnection.OnError(SqlException exception, Boolean breakConnection, Action`1 wrapCloseInAction)
   at Microsoft.Data.SqlClient.TdsParser.ThrowExceptionAndWarning(TdsParserStateObject stateObj, Boolean callerHasConnectionLock, Boolean asyncClose)
   at Microsoft.Data.SqlClient.TdsParser.TryRun(RunBehavior runBehavior, SqlCommand cmdHandler, SqlDataReader dataStream, BulkCopySimpleResultSet bulkCopyHandler, TdsParserStateObject stateObj, Boolean& dataReady)
   at Microsoft.Data.SqlClient.SqlDataReader.TryHasMoreRows(Boolean& moreRows)
   at Microsoft.Data.SqlClient.SqlDataReader.TryReadInternal(Boolean setTimeout, Boolean& more)
   at Microsoft.Data.SqlClient.SqlDataReader.ReadAsyncExecute(Task task, Object state)
   at Microsoft.Data.SqlClient.SqlDataReader.InvokeAsyncCall[T](SqlDataReaderBaseAsyncCallContext`1 context)
--- End of stack trace from previous location ---
   at Microsoft.EntityFrameworkCore.Update.AffectedCountModificationCommandBatch.ConsumeResultSetAsync(Int32 startCommandIndex, RelationalDataReader reader, CancellationToken cancellationToken)
ClientConnectionId:091c68aa-c5a8-4697-b6f5-212d189c82ff
Error Number:547,State:0,Class:16
   --- End of inner exception stack trace ---
   at Microsoft.EntityFrameworkCore.Update.AffectedCountModificationCommandBatch.ConsumeResultSetAsync(Int32 startCommandIndex, RelationalDataReader reader, CancellationToken cancellationToken)
   at Microsoft.EntityFrameworkCore.Update.AffectedCountModificationCommandBatch.ConsumeAsync(RelationalDataReader reader, CancellationToken cancellationToken)
   at Microsoft.EntityFrameworkCore.Update.ReaderModificationCommandBatch.ExecuteAsync(IRelationalConnection connection, CancellationToken cancellationToken)
   at Microsoft.EntityFrameworkCore.Update.ReaderModificationCommandBatch.ExecuteAsync(IRelationalConnection connection, CancellationToken cancellationToken)
   at Microsoft.EntityFrameworkCore.SqlServer.Update.Internal.SqlServerModificationCommandBatch.ExecuteAsync(IRelationalConnection connection, CancellationToken cancellationToken)
   at Microsoft.EntityFrameworkCore.Update.Internal.BatchExecutor.ExecuteAsync(IEnumerable`1 commandBatches, IRelationalConnection connection, CancellationToken cancellationToken)
   at Microsoft.EntityFrameworkCore.Update.Internal.BatchExecutor.ExecuteAsync(IEnumerable`1 commandBatches, IRelationalConnection connection, CancellationToken cancellationToken)
   at Microsoft.EntityFrameworkCore.Update.Internal.BatchExecutor.ExecuteAsync(IEnumerable`1 commandBatches, IRelationalConnection connection, CancellationToken cancellationToken)
   at Microsoft.EntityFrameworkCore.ChangeTracking.Internal.StateManager.SaveChangesAsync(IList`1 entriesToSave, CancellationToken cancellationToken)
   at Microsoft.EntityFrameworkCore.ChangeTracking.Internal.StateManager.SaveChangesAsync(StateManager stateManager, Boolean acceptAllChangesOnSuccess, CancellationToken cancellationToken)
   at Microsoft.EntityFrameworkCore.SqlServer.Storage.Internal.SqlServerExecutionStrategy.ExecuteAsync[TState,TResult](TState state, Func`4 operation, Func`4 verifySucceeded, CancellationToken cancellationToken)
   at Microsoft.EntityFrameworkCore.DbContext.SaveChangesAsync(Boolean acceptAllChangesOnSuccess, CancellationToken cancellationToken)
Microsoft.EntityFrameworkCore.DbUpdateException: An error occurred while saving the entity changes. See the inner exception for details.
 ---> Microsoft.Data.SqlClient.SqlException (0x80131904): The INSERT statement conflicted with the FOREIGN KEY constraint "FK_Products_Categories_CategoryId". The conflict occurred in database "ECommerceMarketDb", table "dbo.Categories", column 'Id'.
   at Microsoft.Data.SqlClient.SqlConnection.OnError(SqlException exception, Boolean breakConnection, Action`1 wrapCloseInAction)
   at Microsoft.Data.SqlClient.SqlInternalConnection.OnError(SqlException exception, Boolean breakConnection, Action`1 wrapCloseInAction)
   at Microsoft.Data.SqlClient.TdsParser.ThrowExceptionAndWarning(TdsParserStateObject stateObj, Boolean callerHasConnectionLock, Boolean asyncClose)
   at Microsoft.Data.SqlClient.TdsParser.TryRun(RunBehavior runBehavior, SqlCommand cmdHandler, SqlDataReader dataStream, BulkCopySimpleResultSet bulkCopyHandler, TdsParserStateObject stateObj, Boolean& dataReady)
   at Microsoft.Data.SqlClient.SqlDataReader.TryHasMoreRows(Boolean& moreRows)
   at Microsoft.Data.SqlClient.SqlDataReader.TryReadInternal(Boolean setTimeout, Boolean& more)
   at Microsoft.Data.SqlClient.SqlDataReader.ReadAsyncExecute(Task task, Object state)
   at Microsoft.Data.SqlClient.SqlDataReader.InvokeAsyncCall[T](SqlDataReaderBaseAsyncCallContext`1 context)
--- End of stack trace from previous location ---
   at Microsoft.EntityFrameworkCore.Update.AffectedCountModificationCommandBatch.ConsumeResultSetAsync(Int32 startCommandIndex, RelationalDataReader reader, CancellationToken cancellationToken)
ClientConnectionId:091c68aa-c5a8-4697-b6f5-212d189c82ff
Error Number:547,State:0,Class:16
   --- End of inner exception stack trace ---
   at Microsoft.EntityFrameworkCore.Update.AffectedCountModificationCommandBatch.ConsumeResultSetAsync(Int32 startCommandIndex, RelationalDataReader reader, CancellationToken cancellationToken)
   at Microsoft.EntityFrameworkCore.Update.AffectedCountModificationCommandBatch.ConsumeAsync(RelationalDataReader reader, CancellationToken cancellationToken)
   at Microsoft.EntityFrameworkCore.Update.ReaderModificationCommandBatch.ExecuteAsync(IRelationalConnection connection, CancellationToken cancellationToken)
   at Microsoft.EntityFrameworkCore.Update.ReaderModificationCommandBatch.ExecuteAsync(IRelationalConnection connection, CancellationToken cancellationToken)
   at Microsoft.EntityFrameworkCore.SqlServer.Update.Internal.SqlServerModificationCommandBatch.ExecuteAsync(IRelationalConnection connection, CancellationToken cancellationToken)
   at Microsoft.EntityFrameworkCore.Update.Internal.BatchExecutor.ExecuteAsync(IEnumerable`1 commandBatches, IRelationalConnection connection, CancellationToken cancellationToken)
   at Microsoft.EntityFrameworkCore.Update.Internal.BatchExecutor.ExecuteAsync(IEnumerable`1 commandBatches, IRelationalConnection connection, CancellationToken cancellationToken)
   at Microsoft.EntityFrameworkCore.Update.Internal.BatchExecutor.ExecuteAsync(IEnumerable`1 commandBatches, IRelationalConnection connection, CancellationToken cancellationToken)
   at Microsoft.EntityFrameworkCore.ChangeTracking.Internal.StateManager.SaveChangesAsync(IList`1 entriesToSave, CancellationToken cancellationToken)
   at Microsoft.EntityFrameworkCore.ChangeTracking.Internal.StateManager.SaveChangesAsync(StateManager stateManager, Boolean acceptAllChangesOnSuccess, CancellationToken cancellationToken)
   at Microsoft.EntityFrameworkCore.SqlServer.Storage.Internal.SqlServerExecutionStrategy.ExecuteAsync[TState,TResult](TState state, Func`4 operation, Func`4 verifySucceeded, CancellationToken cancellationToken)
   at Microsoft.EntityFrameworkCore.DbContext.SaveChangesAsync(Boolean acceptAllChangesOnSuccess, CancellationToken cancellationToken)
2025-01-07 10:26:54.031 +01:00 [INF] An error occurred while saving the entity changes. See the inner exception for details.
2025-01-07 10:26:54.046 +01:00 [WRN] An error occurred while saving the entity changes. See the inner exception for details.
2025-01-07 10:26:54.060 +01:00 [INF] Executing BadRequestObjectResult, writing value of type 'System.String'.
2025-01-07 10:26:54.074 +01:00 [INF] Executed action Presentation.Controllers.ProductsController.AddProduct (ProductApi.Presentation) in 1171.6358ms
2025-01-07 10:26:54.086 +01:00 [INF] Executed endpoint 'Presentation.Controllers.ProductsController.AddProduct (ProductApi.Presentation)'
2025-01-07 10:26:54.099 +01:00 [INF] Request finished HTTP/1.1 POST http://localhost:5003/api/Products - 400 null text/plain; charset=utf-8 1271.3311ms
2025-01-07 10:29:34.936 +01:00 [INF] Request starting HTTP/1.1 GET http://localhost:5003/api/Categories - null null
2025-01-07 10:29:34.956 +01:00 [INF] Executing endpoint 'Presentation.Controllers.CategoriesController.GetAllCategories (ProductApi.Presentation)'
2025-01-07 10:29:34.965 +01:00 [INF] Route matched with {action = "GetAllCategories", controller = "Categories"}. Executing controller action with signature System.Threading.Tasks.Task`1[Microsoft.AspNetCore.Mvc.IActionResult] GetAllCategories() on controller Presentation.Controllers.CategoriesController (ProductApi.Presentation).
2025-01-07 10:29:35.078 +01:00 [INF] Executed DbCommand (9ms) [Parameters=[], CommandType='"Text"', CommandTimeout='30']
SELECT [c].[Id], [c].[Name]
FROM [Categories] AS [c]
2025-01-07 10:29:35.089 +01:00 [INF] Executing OkObjectResult, writing value of type 'System.Collections.Generic.List`1[[ProductApi.Domain.Entities.Category, ProductApi.Domain, Version=1.0.0.0, Culture=neutral, PublicKeyToken=null]]'.
2025-01-07 10:29:35.094 +01:00 [INF] Executed action Presentation.Controllers.CategoriesController.GetAllCategories (ProductApi.Presentation) in 125.1858ms
2025-01-07 10:29:35.099 +01:00 [INF] Executed endpoint 'Presentation.Controllers.CategoriesController.GetAllCategories (ProductApi.Presentation)'
2025-01-07 10:29:35.103 +01:00 [INF] Request finished HTTP/1.1 GET http://localhost:5003/api/Categories - 200 null application/json; charset=utf-8 167.3147ms
2025-01-07 10:29:48.799 +01:00 [INF] Request starting HTTP/1.1 POST http://localhost:5003/api/Categories - application/json 31
2025-01-07 10:29:48.819 +01:00 [INF] Executing endpoint 'Presentation.Controllers.CategoriesController.AddCategory (ProductApi.Presentation)'
2025-01-07 10:29:48.841 +01:00 [INF] Route matched with {action = "AddCategory", controller = "Categories"}. Executing controller action with signature System.Threading.Tasks.Task`1[Microsoft.AspNetCore.Mvc.IActionResult] AddCategory(ProductApi.Domain.Entities.Category) on controller Presentation.Controllers.CategoriesController (ProductApi.Presentation).
2025-01-07 10:29:48.929 +01:00 [INF] Executed DbCommand (12ms) [Parameters=[@p0='Electronics' (Nullable = false) (Size = 4000)], CommandType='"Text"', CommandTimeout='30']
SET IMPLICIT_TRANSACTIONS OFF;
SET NOCOUNT ON;
INSERT INTO [Categories] ([Name])
OUTPUT INSERTED.[Id]
VALUES (@p0);
2025-01-07 10:29:49.023 +01:00 [INF] Executing CreatedAtActionResult, writing value of type 'ProductApi.Domain.Entities.Category'.
2025-01-07 10:29:49.086 +01:00 [INF] Executed action Presentation.Controllers.CategoriesController.AddCategory (ProductApi.Presentation) in 230.508ms
2025-01-07 10:29:49.097 +01:00 [INF] Executed endpoint 'Presentation.Controllers.CategoriesController.AddCategory (ProductApi.Presentation)'
2025-01-07 10:29:49.110 +01:00 [INF] Request finished HTTP/1.1 POST http://localhost:5003/api/Categories - 201 null application/json; charset=utf-8 310.5348ms
2025-01-07 10:29:56.893 +01:00 [INF] Request starting HTTP/1.1 GET http://localhost:5003/api/Categories - application/json 31
2025-01-07 10:29:56.907 +01:00 [INF] Executing endpoint 'Presentation.Controllers.CategoriesController.GetAllCategories (ProductApi.Presentation)'
2025-01-07 10:29:56.912 +01:00 [INF] Route matched with {action = "GetAllCategories", controller = "Categories"}. Executing controller action with signature System.Threading.Tasks.Task`1[Microsoft.AspNetCore.Mvc.IActionResult] GetAllCategories() on controller Presentation.Controllers.CategoriesController (ProductApi.Presentation).
2025-01-07 10:29:56.927 +01:00 [INF] Executed DbCommand (5ms) [Parameters=[], CommandType='"Text"', CommandTimeout='30']
SELECT [c].[Id], [c].[Name]
FROM [Categories] AS [c]
2025-01-07 10:29:56.937 +01:00 [INF] Executing OkObjectResult, writing value of type 'System.Collections.Generic.List`1[[ProductApi.Domain.Entities.Category, ProductApi.Domain, Version=1.0.0.0, Culture=neutral, PublicKeyToken=null]]'.
2025-01-07 10:29:56.941 +01:00 [INF] Executed action Presentation.Controllers.CategoriesController.GetAllCategories (ProductApi.Presentation) in 23.4544ms
2025-01-07 10:29:56.945 +01:00 [INF] Executed endpoint 'Presentation.Controllers.CategoriesController.GetAllCategories (ProductApi.Presentation)'
2025-01-07 10:29:56.950 +01:00 [INF] Request finished HTTP/1.1 GET http://localhost:5003/api/Categories - 200 null application/json; charset=utf-8 57.5802ms
2025-01-07 10:31:07.825 +01:00 [INF] Request starting HTTP/1.1 POST http://localhost:5003/api/Markets - application/json 248
2025-01-07 10:31:07.848 +01:00 [INF] Executing endpoint 'Presentation.Controllers.MarketsController.AddMarket (ProductApi.Presentation)'
2025-01-07 10:31:07.880 +01:00 [INF] Route matched with {action = "AddMarket", controller = "Markets"}. Executing controller action with signature System.Threading.Tasks.Task`1[Microsoft.AspNetCore.Mvc.IActionResult] AddMarket(ProductApi.Application.DTOs.MarketDto) on controller Presentation.Controllers.MarketsController (ProductApi.Presentation).
2025-01-07 10:31:07.967 +01:00 [INF] Executed DbCommand (12ms) [Parameters=[@p0='A market specialized in tech products' (Nullable = false) (Size = 4000), @p1='https://example.com/market-image.jpg' (Nullable = false) (Size = 8000) (DbType = AnsiString), @p2='37.7749', @p3='-122.4194', @p4='Tech Store' (Nullable = false) (Size = 4000), @p5='John Doe' (Nullable = false) (Size = 4000), @p6='+123456789' (Nullable = false) (Size = 4000)], CommandType='"Text"', CommandTimeout='30']
SET IMPLICIT_TRANSACTIONS OFF;
SET NOCOUNT ON;
INSERT INTO [Markets] ([Description], [Image], [Latitude], [Longitude], [Name], [Owner], [PhoneNumber])
OUTPUT INSERTED.[Id]
VALUES (@p0, @p1, @p2, @p3, @p4, @p5, @p6);
2025-01-07 10:31:07.982 +01:00 [INF] Executing CreatedAtActionResult, writing value of type 'ProductApi.Application.DTOs.MarketDto'.
2025-01-07 10:31:07.997 +01:00 [INF] Executed action Presentation.Controllers.MarketsController.AddMarket (ProductApi.Presentation) in 102.2731ms
2025-01-07 10:31:08.003 +01:00 [INF] Executed endpoint 'Presentation.Controllers.MarketsController.AddMarket (ProductApi.Presentation)'
2025-01-07 10:31:08.014 +01:00 [INF] Request finished HTTP/1.1 POST http://localhost:5003/api/Markets - 201 null application/json; charset=utf-8 188.7243ms
2025-01-07 10:31:17.500 +01:00 [INF] Request starting HTTP/1.1 POST http://localhost:5003/api/Products - application/json 212
2025-01-07 10:31:17.514 +01:00 [INF] Executing endpoint 'Presentation.Controllers.ProductsController.AddProduct (ProductApi.Presentation)'
2025-01-07 10:31:17.524 +01:00 [INF] Route matched with {action = "AddProduct", controller = "Products"}. Executing controller action with signature System.Threading.Tasks.Task`1[Microsoft.AspNetCore.Mvc.IActionResult] AddProduct(ProductApi.Domain.Entities.Product) on controller Presentation.Controllers.ProductsController (ProductApi.Presentation).
2025-01-07 10:31:17.558 +01:00 [INF] Executed DbCommand (8ms) [Parameters=[@p0='1', @p1='This is a test product' (Nullable = false) (Size = 4000), @p2='https://example.com/product-image.jpg' (Nullable = false) (Size = 8000) (DbType = AnsiString), @p3='1', @p4='Sample Product' (Nullable = false) (Size = 4000), @p5='25.99', @p6='50'], CommandType='"Text"', CommandTimeout='30']
SET IMPLICIT_TRANSACTIONS OFF;
SET NOCOUNT ON;
INSERT INTO [Products] ([CategoryId], [Description], [Image], [MarketId], [Name], [Price], [StockQuantity])
OUTPUT INSERTED.[Id]
VALUES (@p0, @p1, @p2, @p3, @p4, @p5, @p6);
2025-01-07 10:31:17.573 +01:00 [INF] Executing CreatedAtActionResult, writing value of type 'ProductApi.Domain.Entities.Product'.
2025-01-07 10:31:17.582 +01:00 [INF] Executed action Presentation.Controllers.ProductsController.AddProduct (ProductApi.Presentation) in 40.8239ms
2025-01-07 10:31:17.588 +01:00 [INF] Executed endpoint 'Presentation.Controllers.ProductsController.AddProduct (ProductApi.Presentation)'
2025-01-07 10:31:17.594 +01:00 [INF] Request finished HTTP/1.1 POST http://localhost:5003/api/Products - 201 null application/json; charset=utf-8 93.4793ms
2025-01-07 10:31:28.568 +01:00 [INF] Request starting HTTP/1.1 POST http://localhost:5003/api/Products - application/json 212
2025-01-07 10:31:28.589 +01:00 [INF] Executing endpoint 'Presentation.Controllers.ProductsController.AddProduct (ProductApi.Presentation)'
2025-01-07 10:31:28.599 +01:00 [INF] Route matched with {action = "AddProduct", controller = "Products"}. Executing controller action with signature System.Threading.Tasks.Task`1[Microsoft.AspNetCore.Mvc.IActionResult] AddProduct(ProductApi.Domain.Entities.Product) on controller Presentation.Controllers.ProductsController (ProductApi.Presentation).
2025-01-07 10:31:28.641 +01:00 [INF] Executed DbCommand (18ms) [Parameters=[@p0='1', @p1='This is a test product' (Nullable = false) (Size = 4000), @p2='https://example.com/product-image.jpg' (Nullable = false) (Size = 8000) (DbType = AnsiString), @p3='1', @p4='Sample Product' (Nullable = false) (Size = 4000), @p5='25.99', @p6='50'], CommandType='"Text"', CommandTimeout='30']
SET IMPLICIT_TRANSACTIONS OFF;
SET NOCOUNT ON;
INSERT INTO [Products] ([CategoryId], [Description], [Image], [MarketId], [Name], [Price], [StockQuantity])
OUTPUT INSERTED.[Id]
VALUES (@p0, @p1, @p2, @p3, @p4, @p5, @p6);
2025-01-07 10:31:28.663 +01:00 [INF] Executing CreatedAtActionResult, writing value of type 'ProductApi.Domain.Entities.Product'.
2025-01-07 10:31:28.675 +01:00 [INF] Executed action Presentation.Controllers.ProductsController.AddProduct (ProductApi.Presentation) in 60.9975ms
2025-01-07 10:31:28.688 +01:00 [INF] Executed endpoint 'Presentation.Controllers.ProductsController.AddProduct (ProductApi.Presentation)'
2025-01-07 10:31:28.701 +01:00 [INF] Request finished HTTP/1.1 POST http://localhost:5003/api/Products - 201 null application/json; charset=utf-8 132.81ms
2025-01-07 10:32:49.801 +01:00 [INF] Request starting HTTP/1.1 GET http://localhost:5003/api/Categories/1 - null null
2025-01-07 10:32:49.817 +01:00 [INF] Executing endpoint 'Presentation.Controllers.CategoriesController.GetCategoryById (ProductApi.Presentation)'
2025-01-07 10:32:49.832 +01:00 [INF] Route matched with {action = "GetCategoryById", controller = "Categories"}. Executing controller action with signature System.Threading.Tasks.Task`1[Microsoft.AspNetCore.Mvc.IActionResult] GetCategoryById(Int64) on controller Presentation.Controllers.CategoriesController (ProductApi.Presentation).
2025-01-07 10:32:50.039 +01:00 [INF] Executed DbCommand (23ms) [Parameters=[@__p_0='1'], CommandType='"Text"', CommandTimeout='30']
SELECT TOP(1) [c].[Id], [c].[Name]
FROM [Categories] AS [c]
WHERE [c].[Id] = @__p_0
2025-01-07 10:32:50.056 +01:00 [INF] Executing OkObjectResult, writing value of type 'ProductApi.Domain.Entities.Category'.
2025-01-07 10:32:50.066 +01:00 [INF] Executed action Presentation.Controllers.CategoriesController.GetCategoryById (ProductApi.Presentation) in 227.5434ms
2025-01-07 10:32:50.073 +01:00 [INF] Executed endpoint 'Presentation.Controllers.CategoriesController.GetCategoryById (ProductApi.Presentation)'
2025-01-07 10:32:50.082 +01:00 [INF] Request finished HTTP/1.1 GET http://localhost:5003/api/Categories/1 - 200 null application/json; charset=utf-8 281.383ms
2025-01-07 10:33:38.350 +01:00 [INF] Request starting HTTP/1.1 GET http://localhost:5003/api/Markets/1 - null null
2025-01-07 10:33:38.381 +01:00 [INF] Executing endpoint 'Presentation.Controllers.MarketsController.GetMarketById (ProductApi.Presentation)'
2025-01-07 10:33:38.402 +01:00 [INF] Route matched with {action = "GetMarketById", controller = "Markets"}. Executing controller action with signature System.Threading.Tasks.Task`1[Microsoft.AspNetCore.Mvc.IActionResult] GetMarketById(Int64) on controller Presentation.Controllers.MarketsController (ProductApi.Presentation).
2025-01-07 10:33:38.488 +01:00 [INF] Executed DbCommand (19ms) [Parameters=[@__p_0='1'], CommandType='"Text"', CommandTimeout='30']
SELECT TOP(1) [m].[Id], [m].[Description], [m].[Image], [m].[Latitude], [m].[Longitude], [m].[Name], [m].[Owner], [m].[PhoneNumber]
FROM [Markets] AS [m]
WHERE [m].[Id] = @__p_0
2025-01-07 10:33:38.790 +01:00 [INF] Executing OkObjectResult, writing value of type 'ProductApi.Application.DTOs.MarketDto'.
2025-01-07 10:33:38.828 +01:00 [INF] Executed action Presentation.Controllers.MarketsController.GetMarketById (ProductApi.Presentation) in 411.2112ms
2025-01-07 10:33:38.843 +01:00 [INF] Executed endpoint 'Presentation.Controllers.MarketsController.GetMarketById (ProductApi.Presentation)'
2025-01-07 10:33:38.856 +01:00 [INF] Request finished HTTP/1.1 GET http://localhost:5003/api/Markets/1 - 200 null application/json; charset=utf-8 506.0279ms
2025-01-07 10:34:20.931 +01:00 [INF] Request starting HTTP/1.1 GET http://localhost:5003/api/Products/1 - null null
2025-01-07 10:34:20.974 +01:00 [INF] Executing endpoint 'Presentation.Controllers.ProductsController.GetProductById (ProductApi.Presentation)'
2025-01-07 10:34:20.998 +01:00 [INF] Route matched with {action = "GetProductById", controller = "Products"}. Executing controller action with signature System.Threading.Tasks.Task`1[Microsoft.AspNetCore.Mvc.IActionResult] GetProductById(Int64) on controller Presentation.Controllers.ProductsController (ProductApi.Presentation).
2025-01-07 10:34:21.050 +01:00 [INF] Executed DbCommand (10ms) [Parameters=[@__p_0='1'], CommandType='"Text"', CommandTimeout='30']
SELECT TOP(1) [p].[Id], [p].[CategoryId], [p].[Description], [p].[Image], [p].[MarketId], [p].[Name], [p].[Price], [p].[StockQuantity]
FROM [Products] AS [p]
WHERE [p].[Id] = @__p_0
2025-01-07 10:34:21.071 +01:00 [INF] Executing ObjectResult, writing value of type 'Microsoft.AspNetCore.Mvc.ProblemDetails'.
2025-01-07 10:34:21.125 +01:00 [INF] Executed action Presentation.Controllers.ProductsController.GetProductById (ProductApi.Presentation) in 112.5463ms
2025-01-07 10:34:21.139 +01:00 [INF] Executed endpoint 'Presentation.Controllers.ProductsController.GetProductById (ProductApi.Presentation)'
2025-01-07 10:34:21.155 +01:00 [INF] Request finished HTTP/1.1 GET http://localhost:5003/api/Products/1 - 404 null application/problem+json; charset=utf-8 228.553ms
2025-01-07 10:36:19.368 +01:00 [INF] Request starting HTTP/1.1 GET http://localhost:5003/api/Products/category/1 - null null
2025-01-07 10:36:19.383 +01:00 [INF] Executing endpoint 'Presentation.Controllers.ProductsController.GetProductsByCategoryId (ProductApi.Presentation)'
2025-01-07 10:36:19.401 +01:00 [INF] Route matched with {action = "GetProductsByCategoryId", controller = "Products"}. Executing controller action with signature System.Threading.Tasks.Task`1[Microsoft.AspNetCore.Mvc.IActionResult] GetProductsByCategoryId(Int64) on controller Presentation.Controllers.ProductsController (ProductApi.Presentation).
2025-01-07 10:36:19.474 +01:00 [INF] Executed DbCommand (36ms) [Parameters=[@__categoryId_0='1'], CommandType='"Text"', CommandTimeout='30']
SELECT [p].[Id], [p].[CategoryId], [p].[Description], [p].[Image], [p].[MarketId], [p].[Name], [p].[Price], [p].[StockQuantity]
FROM [Products] AS [p]
WHERE [p].[CategoryId] = @__categoryId_0
2025-01-07 10:36:19.505 +01:00 [INF] Executing OkObjectResult, writing value of type 'System.Collections.Generic.List`1[[ProductApi.Domain.Entities.Product, ProductApi.Domain, Version=1.0.0.0, Culture=neutral, PublicKeyToken=null]]'.
2025-01-07 10:36:19.524 +01:00 [INF] Executed action Presentation.Controllers.ProductsController.GetProductsByCategoryId (ProductApi.Presentation) in 113.8471ms
2025-01-07 10:36:19.541 +01:00 [INF] Executed endpoint 'Presentation.Controllers.ProductsController.GetProductsByCategoryId (ProductApi.Presentation)'
2025-01-07 10:36:19.561 +01:00 [INF] Request finished HTTP/1.1 GET http://localhost:5003/api/Products/category/1 - 200 null application/json; charset=utf-8 193.4617ms
2025-01-07 10:38:46.851 +01:00 [INF] Request starting HTTP/1.1 GET http://localhost:5003/api/Markets - null null
2025-01-07 10:38:46.884 +01:00 [INF] Executing endpoint 'Presentation.Controllers.MarketsController.GetAllMarkets (ProductApi.Presentation)'
2025-01-07 10:38:46.900 +01:00 [INF] Route matched with {action = "GetAllMarkets", controller = "Markets"}. Executing controller action with signature System.Threading.Tasks.Task`1[Microsoft.AspNetCore.Mvc.IActionResult] GetAllMarkets() on controller Presentation.Controllers.MarketsController (ProductApi.Presentation).
2025-01-07 10:38:46.952 +01:00 [INF] Executed DbCommand (16ms) [Parameters=[], CommandType='"Text"', CommandTimeout='30']
SELECT [m].[Id], [m].[Description], [m].[Image], [m].[Latitude], [m].[Longitude], [m].[Name], [m].[Owner], [m].[PhoneNumber]
FROM [Markets] AS [m]
2025-01-07 10:39:08.929 +01:00 [INF] Executing OkObjectResult, writing value of type 'System.Linq.Enumerable+SelectListIterator`2[[ProductApi.Domain.Entities.Market, ProductApi.Domain, Version=1.0.0.0, Culture=neutral, PublicKeyToken=null],[ProductApi.Application.DTOs.MarketDto, ProductApi.Application, Version=1.0.0.0, Culture=neutral, PublicKeyToken=null]]'.
2025-01-07 10:39:09.072 +01:00 [INF] Executed action Presentation.Controllers.MarketsController.GetAllMarkets (ProductApi.Presentation) in 22161.5492ms
2025-01-07 10:39:09.086 +01:00 [INF] Executed endpoint 'Presentation.Controllers.MarketsController.GetAllMarkets (ProductApi.Presentation)'
2025-01-07 10:39:09.099 +01:00 [INF] Request finished HTTP/1.1 GET http://localhost:5003/api/Markets - 200 null application/json; charset=utf-8 22252.017ms
2025-01-07 10:40:30.284 +01:00 [INF] Request starting HTTP/1.1 GET http://localhost:5003/api/Markets/owner-exists/Wass - null null
2025-01-07 10:40:30.316 +01:00 [INF] Executing endpoint 'Presentation.Controllers.MarketsController.DoesOwnerExist (ProductApi.Presentation)'
2025-01-07 10:40:30.346 +01:00 [INF] Route matched with {action = "DoesOwnerExist", controller = "Markets"}. Executing controller action with signature System.Threading.Tasks.Task`1[System.Boolean] DoesOwnerExist(System.String) on controller Presentation.Controllers.MarketsController (ProductApi.Presentation).
2025-01-07 10:40:30.425 +01:00 [INF] Executed DbCommand (23ms) [Parameters=[], CommandType='"Text"', CommandTimeout='30']
SELECT [m].[Id], [m].[Description], [m].[Image], [m].[Latitude], [m].[Longitude], [m].[Name], [m].[Owner], [m].[PhoneNumber]
FROM [Markets] AS [m]
2025-01-07 10:40:59.116 +01:00 [INF] Executing ObjectResult, writing value of type 'System.Boolean'.
2025-01-07 10:40:59.149 +01:00 [INF] Executed action Presentation.Controllers.MarketsController.DoesOwnerExist (ProductApi.Presentation) in 28787.2318ms
2025-01-07 10:40:59.165 +01:00 [INF] Executed endpoint 'Presentation.Controllers.MarketsController.DoesOwnerExist (ProductApi.Presentation)'
2025-01-07 10:40:59.181 +01:00 [INF] Request finished HTTP/1.1 GET http://localhost:5003/api/Markets/owner-exists/Wass - 200 null application/json; charset=utf-8 28897.0508ms
2025-01-07 10:46:16.955 +01:00 [INF] Now listening on: http://localhost:5003
2025-01-07 10:46:17.515 +01:00 [INF] Application started. Press Ctrl+C to shut down.
2025-01-07 10:46:17.523 +01:00 [INF] Hosting environment: Development
2025-01-07 10:46:17.529 +01:00 [INF] Content root path: C:\Users\ouiss\ECommerceMicroservicesProject\DemoECommerce.ProductSolution\ProductApi.Presentation
2025-01-07 10:46:20.613 +01:00 [INF] Request starting HTTP/1.1 GET http://localhost:5003/swagger/index.html - null null
2025-01-07 10:46:22.281 +01:00 [INF] Request finished HTTP/1.1 GET http://localhost:5003/swagger/index.html - 200 null text/html;charset=utf-8 1694.3615ms
2025-01-07 10:46:22.444 +01:00 [INF] Request starting HTTP/1.1 GET http://localhost:5003/_vs/browserLink - null null
2025-01-07 10:46:25.434 +01:00 [INF] Request starting HTTP/1.1 GET http://localhost:5003/_framework/aspnetcore-browser-refresh.js - null null
2025-01-07 10:46:25.671 +01:00 [INF] Request finished HTTP/1.1 GET http://localhost:5003/_framework/aspnetcore-browser-refresh.js - 200 13782 application/javascript; charset=utf-8 236.6051ms
2025-01-07 10:46:25.704 +01:00 [INF] Request finished HTTP/1.1 GET http://localhost:5003/_vs/browserLink - 200 null text/javascript; charset=UTF-8 3285.6267ms
2025-01-07 10:46:26.203 +01:00 [INF] Request starting HTTP/1.1 GET http://localhost:5003/swagger/v1/swagger.json - null null
2025-01-07 10:46:26.423 +01:00 [INF] Request finished HTTP/1.1 GET http://localhost:5003/swagger/v1/swagger.json - 200 null application/json;charset=utf-8 220.0861ms
2025-01-07 10:47:14.904 +01:00 [INF] Request starting HTTP/1.1 GET http://localhost:5003/api/Products/1 - null null
2025-01-07 10:47:14.930 +01:00 [WRN] Failed to determine the https port for redirect.
2025-01-07 10:47:14.948 +01:00 [INF] Executing endpoint 'Presentation.Controllers.ProductsController.GetProductById (ProductApi.Presentation)'
2025-01-07 10:47:15.049 +01:00 [INF] Route matched with {action = "GetProductById", controller = "Products"}. Executing controller action with signature System.Threading.Tasks.Task`1[Microsoft.AspNetCore.Mvc.IActionResult] GetProductById(Int64) on controller Presentation.Controllers.ProductsController (ProductApi.Presentation).
2025-01-07 10:47:16.481 +01:00 [WRN] Sensitive data logging is enabled. Log entries and exception messages may include sensitive application data; this mode should only be enabled during development.
2025-01-07 10:47:18.885 +01:00 [INF] Executed DbCommand (210ms) [Parameters=[@__p_0='1'], CommandType='"Text"', CommandTimeout='30']
SELECT TOP(1) [p].[Id], [p].[CategoryId], [p].[Description], [p].[Image], [p].[MarketId], [p].[Name], [p].[Price], [p].[StockQuantity]
FROM [Products] AS [p]
WHERE [p].[Id] = @__p_0
2025-01-07 10:47:19.013 +01:00 [INF] Executing ObjectResult, writing value of type 'Microsoft.AspNetCore.Mvc.ProblemDetails'.
2025-01-07 10:47:19.201 +01:00 [INF] Executed action Presentation.Controllers.ProductsController.GetProductById (ProductApi.Presentation) in 4126.768ms
2025-01-07 10:47:19.219 +01:00 [INF] Executed endpoint 'Presentation.Controllers.ProductsController.GetProductById (ProductApi.Presentation)'
2025-01-07 10:47:19.293 +01:00 [INF] Request finished HTTP/1.1 GET http://localhost:5003/api/Products/1 - 404 null application/problem+json; charset=utf-8 4392.5637ms
2025-01-07 10:49:22.219 +01:00 [INF] Now listening on: http://localhost:5003
2025-01-07 10:49:22.610 +01:00 [INF] Application started. Press Ctrl+C to shut down.
2025-01-07 10:49:22.619 +01:00 [INF] Hosting environment: Development
2025-01-07 10:49:22.627 +01:00 [INF] Content root path: C:\Users\ouiss\ECommerceMicroservicesProject\DemoECommerce.ProductSolution\ProductApi.Presentation
2025-01-07 10:49:26.707 +01:00 [INF] Request starting HTTP/1.1 GET http://localhost:5003/swagger/index.html - null null
2025-01-07 10:49:28.067 +01:00 [INF] Request finished HTTP/1.1 GET http://localhost:5003/swagger/index.html - 200 null text/html;charset=utf-8 1417.9338ms
2025-01-07 10:49:28.168 +01:00 [INF] Request starting HTTP/1.1 GET http://localhost:5003/_framework/aspnetcore-browser-refresh.js - null null
2025-01-07 10:49:28.169 +01:00 [INF] Request starting HTTP/1.1 GET http://localhost:5003/_vs/browserLink - null null
2025-01-07 10:49:28.291 +01:00 [INF] Request finished HTTP/1.1 GET http://localhost:5003/_framework/aspnetcore-browser-refresh.js - 200 13782 application/javascript; charset=utf-8 123.6555ms
2025-01-07 10:49:28.512 +01:00 [INF] Request finished HTTP/1.1 GET http://localhost:5003/_vs/browserLink - 200 null text/javascript; charset=UTF-8 342.683ms
2025-01-07 10:49:28.772 +01:00 [INF] Request starting HTTP/1.1 GET http://localhost:5003/swagger/v1/swagger.json - null null
2025-01-07 10:49:28.956 +01:00 [INF] Request finished HTTP/1.1 GET http://localhost:5003/swagger/v1/swagger.json - 200 null application/json;charset=utf-8 206.524ms
2025-01-07 10:49:41.213 +01:00 [INF] Request starting HTTP/1.1 GET http://localhost:5003/api/Products/2 - null null
2025-01-07 10:49:41.242 +01:00 [WRN] Failed to determine the https port for redirect.
2025-01-07 10:49:41.257 +01:00 [INF] Executing endpoint 'Presentation.Controllers.ProductsController.GetProductById (ProductApi.Presentation)'
2025-01-07 10:49:41.331 +01:00 [INF] Route matched with {action = "GetProductById", controller = "Products"}. Executing controller action with signature System.Threading.Tasks.Task`1[Microsoft.AspNetCore.Mvc.IActionResult] GetProductById(Int64) on controller Presentation.Controllers.ProductsController (ProductApi.Presentation).
2025-01-07 10:49:42.587 +01:00 [WRN] Sensitive data logging is enabled. Log entries and exception messages may include sensitive application data; this mode should only be enabled during development.
2025-01-07 10:49:44.635 +01:00 [INF] Executed DbCommand (105ms) [Parameters=[@__p_0='2'], CommandType='"Text"', CommandTimeout='30']
SELECT TOP(1) [p].[Id], [p].[CategoryId], [p].[Description], [p].[Image], [p].[MarketId], [p].[Name], [p].[Price], [p].[StockQuantity]
FROM [Products] AS [p]
WHERE [p].[Id] = @__p_0
2025-01-07 10:49:44.837 +01:00 [INF] Executing OkObjectResult, writing value of type 'ProductApi.Domain.Entities.Product'.
2025-01-07 10:49:44.901 +01:00 [INF] Executed action Presentation.Controllers.ProductsController.GetProductById (ProductApi.Presentation) in 3554.8103ms
2025-01-07 10:49:44.913 +01:00 [INF] Executed endpoint 'Presentation.Controllers.ProductsController.GetProductById (ProductApi.Presentation)'
2025-01-07 10:49:44.958 +01:00 [INF] Request finished HTTP/1.1 GET http://localhost:5003/api/Products/2 - 200 null application/json; charset=utf-8 3744.3595ms
2025-01-07 10:59:03.090 +01:00 [INF] Request starting HTTP/1.1 GET http://localhost:5003/ - null null
2025-01-07 10:59:03.417 +01:00 [INF] Request finished HTTP/1.1 GET http://localhost:5003/ - 404 0 null 358.7568ms
2025-01-07 10:59:03.457 +01:00 [INF] Request reached the end of the middleware pipeline without being handled by application code. Request path: GET http://localhost:5003/, Response status code: 404
2025-01-07 11:01:27.733 +01:00 [INF] Request starting HTTP/1.1 GET http://localhost:5003/ - null null
2025-01-07 11:01:27.849 +01:00 [INF] Request finished HTTP/1.1 GET http://localhost:5003/ - 404 0 null 117.7077ms
2025-01-07 11:01:27.884 +01:00 [INF] Request reached the end of the middleware pipeline without being handled by application code. Request path: GET http://localhost:5003/, Response status code: 404
2025-01-07 11:03:16.285 +01:00 [INF] Request starting HTTP/1.1 POST http://localhost:5003/api/products - application/json 212
2025-01-07 11:03:16.344 +01:00 [INF] Executing endpoint 'Presentation.Controllers.ProductsController.AddProduct (ProductApi.Presentation)'
2025-01-07 11:03:16.498 +01:00 [INF] Route matched with {action = "AddProduct", controller = "Products"}. Executing controller action with signature System.Threading.Tasks.Task`1[Microsoft.AspNetCore.Mvc.IActionResult] AddProduct(ProductApi.Domain.Entities.Product) on controller Presentation.Controllers.ProductsController (ProductApi.Presentation).
2025-01-07 11:03:19.364 +01:00 [INF] Executed DbCommand (498ms) [Parameters=[@p0='1', @p1='This is a test product' (Nullable = false) (Size = 4000), @p2='https://example.com/product-image.jpg' (Nullable = false) (Size = 8000) (DbType = AnsiString), @p3='1', @p4='Sample Product' (Nullable = false) (Size = 4000), @p5='25.99', @p6='50'], CommandType='"Text"', CommandTimeout='30']
SET IMPLICIT_TRANSACTIONS OFF;
SET NOCOUNT ON;
INSERT INTO [Products] ([CategoryId], [Description], [Image], [MarketId], [Name], [Price], [StockQuantity])
OUTPUT INSERTED.[Id]
VALUES (@p0, @p1, @p2, @p3, @p4, @p5, @p6);
2025-01-07 11:03:19.566 +01:00 [INF] Executing CreatedAtActionResult, writing value of type 'ProductApi.Domain.Entities.Product'.
2025-01-07 11:03:19.708 +01:00 [INF] Executed action Presentation.Controllers.ProductsController.AddProduct (ProductApi.Presentation) in 3166.3302ms
2025-01-07 11:03:19.742 +01:00 [INF] Executed endpoint 'Presentation.Controllers.ProductsController.AddProduct (ProductApi.Presentation)'
2025-01-07 11:03:19.761 +01:00 [INF] Request finished HTTP/1.1 POST http://localhost:5003/api/products - 201 null application/json; charset=utf-8 3479.8945ms
2025-01-07 11:29:36.561 +01:00 [INF] Request starting HTTP/1.1 GET http://localhost:5003/api/Markets - null null
2025-01-07 11:29:36.699 +01:00 [INF] Executing endpoint 'Presentation.Controllers.MarketsController.GetAllMarkets (ProductApi.Presentation)'
2025-01-07 11:29:36.867 +01:00 [INF] Route matched with {action = "GetAllMarkets", controller = "Markets"}. Executing controller action with signature System.Threading.Tasks.Task`1[Microsoft.AspNetCore.Mvc.IActionResult] GetAllMarkets() on controller Presentation.Controllers.MarketsController (ProductApi.Presentation).
2025-01-07 11:29:37.490 +01:00 [INF] Executed DbCommand (34ms) [Parameters=[], CommandType='"Text"', CommandTimeout='30']
SELECT [m].[Id], [m].[Description], [m].[Image], [m].[Latitude], [m].[Longitude], [m].[Name], [m].[Owner], [m].[PhoneNumber]
FROM [Markets] AS [m]
2025-01-07 11:29:56.138 +01:00 [INF] Executing OkObjectResult, writing value of type 'System.Linq.Enumerable+SelectListIterator`2[[ProductApi.Domain.Entities.Market, ProductApi.Domain, Version=1.0.0.0, Culture=neutral, PublicKeyToken=null],[ProductApi.Application.DTOs.MarketDto, ProductApi.Application, Version=1.0.0.0, Culture=neutral, PublicKeyToken=null]]'.
2025-01-07 11:29:56.308 +01:00 [INF] Executed action Presentation.Controllers.MarketsController.GetAllMarkets (ProductApi.Presentation) in 19426.1068ms
2025-01-07 11:29:56.332 +01:00 [INF] Executed endpoint 'Presentation.Controllers.MarketsController.GetAllMarkets (ProductApi.Presentation)'
2025-01-07 11:29:56.341 +01:00 [INF] Request finished HTTP/1.1 GET http://localhost:5003/api/Markets - 200 null application/json; charset=utf-8 19808.8112ms
2025-01-07 11:31:00.787 +01:00 [INF] Request starting HTTP/1.1 POST http://localhost:5003/api/Markets - application/json 248
2025-01-07 11:31:00.805 +01:00 [INF] Executing endpoint 'Presentation.Controllers.MarketsController.AddMarket (ProductApi.Presentation)'
2025-01-07 11:31:00.828 +01:00 [INF] Route matched with {action = "AddMarket", controller = "Markets"}. Executing controller action with signature System.Threading.Tasks.Task`1[Microsoft.AspNetCore.Mvc.IActionResult] AddMarket(ProductApi.Application.DTOs.MarketDto) on controller Presentation.Controllers.MarketsController (ProductApi.Presentation).
2025-01-07 11:31:01.052 +01:00 [INF] Executed DbCommand (59ms) [Parameters=[@p0='A market specialized in tech products' (Nullable = false) (Size = 4000), @p1='https://example.com/market-image.jpg' (Nullable = false) (Size = 8000) (DbType = AnsiString), @p2='37.7749', @p3='-122.4194', @p4='Tech Store' (Nullable = false) (Size = 4000), @p5='John Doe' (Nullable = false) (Size = 4000), @p6='+123456789' (Nullable = false) (Size = 4000)], CommandType='"Text"', CommandTimeout='30']
SET IMPLICIT_TRANSACTIONS OFF;
SET NOCOUNT ON;
INSERT INTO [Markets] ([Description], [Image], [Latitude], [Longitude], [Name], [Owner], [PhoneNumber])
OUTPUT INSERTED.[Id]
VALUES (@p0, @p1, @p2, @p3, @p4, @p5, @p6);
2025-01-07 11:31:01.080 +01:00 [INF] Executing CreatedAtActionResult, writing value of type 'ProductApi.Application.DTOs.MarketDto'.
2025-01-07 11:31:01.111 +01:00 [INF] Executed action Presentation.Controllers.MarketsController.AddMarket (ProductApi.Presentation) in 271.5108ms
2025-01-07 11:31:01.120 +01:00 [INF] Executed endpoint 'Presentation.Controllers.MarketsController.AddMarket (ProductApi.Presentation)'
2025-01-07 11:31:01.128 +01:00 [INF] Request finished HTTP/1.1 POST http://localhost:5003/api/Markets - 201 null application/json; charset=utf-8 344.9271ms
2025-01-07 11:31:10.770 +01:00 [INF] Request starting HTTP/1.1 GET http://localhost:5003/api/Markets - null null
2025-01-07 11:31:10.795 +01:00 [INF] Executing endpoint 'Presentation.Controllers.MarketsController.GetAllMarkets (ProductApi.Presentation)'
2025-01-07 11:31:10.809 +01:00 [INF] Route matched with {action = "GetAllMarkets", controller = "Markets"}. Executing controller action with signature System.Threading.Tasks.Task`1[Microsoft.AspNetCore.Mvc.IActionResult] GetAllMarkets() on controller Presentation.Controllers.MarketsController (ProductApi.Presentation).
2025-01-07 11:31:10.840 +01:00 [INF] Executed DbCommand (5ms) [Parameters=[], CommandType='"Text"', CommandTimeout='30']
SELECT [m].[Id], [m].[Description], [m].[Image], [m].[Latitude], [m].[Longitude], [m].[Name], [m].[Owner], [m].[PhoneNumber]
FROM [Markets] AS [m]
2025-01-07 11:31:30.427 +01:00 [INF] Executing OkObjectResult, writing value of type 'System.Linq.Enumerable+SelectListIterator`2[[ProductApi.Domain.Entities.Market, ProductApi.Domain, Version=1.0.0.0, Culture=neutral, PublicKeyToken=null],[ProductApi.Application.DTOs.MarketDto, ProductApi.Application, Version=1.0.0.0, Culture=neutral, PublicKeyToken=null]]'.
2025-01-07 11:31:30.524 +01:00 [INF] Executed action Presentation.Controllers.MarketsController.GetAllMarkets (ProductApi.Presentation) in 19702.3424ms
2025-01-07 11:31:30.533 +01:00 [INF] Executed endpoint 'Presentation.Controllers.MarketsController.GetAllMarkets (ProductApi.Presentation)'
2025-01-07 11:31:30.548 +01:00 [INF] Request finished HTTP/1.1 GET http://localhost:5003/api/Markets - 200 null application/json; charset=utf-8 19779.3768ms
